<?xml version="1.0" encoding="UTF-8"?>
<!-- Generated by org.testng.reporters.JUnitReportReporter -->
<testsuite hostname="WINDOWS-H1PLS2E" name="com.bss.calcapiTest.DataProviderSample" tests="3" failures="0" timestamp="20 Jul 2015 02:03:04 GMT" time="0.093" errors="0">
  <testcase name="testSimple" time="0.007" classname="com.bss.calcapiTest.DataProviderSample"/>
  <testcase name="testSimple" time="0.003" classname="com.bss.calcapiTest.DataProviderSample"/>
  <testcase name="testSimple" time="0.083" classname="com.bss.calcapiTest.DataProviderSample"/>
</testsuite> <!-- com.bss.calcapiTest.DataProviderSample -->
