<?xml version="1.0" encoding="UTF-8"?>
<!-- Generated by org.testng.reporters.JUnitReportReporter -->
<testsuite hostname="WINDOWS-H1PLS2E" name="com.bss.calcapiTest.CalciAPITest" tests="1" failures="0" timestamp="11 Jul 2015 17:06:09 GMT" time="0.106" errors="0">
  <testcase name="f" time="0.106" classname="com.bss.calcapiTest.CalciAPITest"/>
</testsuite> <!-- com.bss.calcapiTest.CalciAPITest -->
